[2016-04-07 16:17:22] START
[2016-04-07 17:35:56] EDIT DBFread/views/default/index.html: -44
[2016-04-07 17:36:21] EDIT DBFread/views/default/index.html: 3
[2016-04-07 17:41:07] EDIT DBFread/controllers/default.py: 20
[2016-04-07 17:42:09] EDIT DBFread/controllers/default.py: -4
[2016-04-07 17:42:52] EDIT DBFread/controllers/default.py: -3
[2016-04-07 17:43:36] EDIT DBFread/controllers/default.py: 0
[2016-04-07 17:45:48] EDIT DBFread/models/menu.py: 0
[2016-04-07 17:50:46] EDIT DBFread/models/menu.py: 0
[2016-04-07 17:51:11] EDIT DBFread/models/menu.py: 1
[2016-04-07 17:52:55] EDIT DBFread/models/menu.py: 0
[2016-04-07 17:53:13] EDIT DBFread/models/menu.py: 0
[2016-04-07 17:53:51] EDIT DBFread/models/menu.py: -1
[2016-04-07 17:56:24] EDIT DBFread/models/menu.py: 0
[2016-04-07 17:56:45] EDIT DBFread/models/menu.py: 0
[2016-04-07 17:56:54] EDIT DBFread/models/menu.py: 0
[2016-04-07 17:57:05] EDIT DBFread/models/menu.py: 0
[2016-04-07 18:18:54] EDIT DBFread/controllers/default.py: -1
[2016-04-07 18:19:48] EDIT DBFread/controllers/default.py: -4
[2016-04-07 18:20:09] EDIT DBFread/controllers/default.py: 0
[2016-04-07 18:20:28] EDIT DBFread/controllers/default.py: 0
[2016-04-07 18:20:49] EDIT DBFread/controllers/default.py: 0
[2016-04-07 18:21:57] EDIT DBFread/controllers/default.py: 0
[2016-04-07 18:22:11] EDIT DBFread/controllers/default.py: 0
[2016-04-07 18:23:20] EDIT DBFread/controllers/default.py: -2
[2016-04-07 18:25:05] EDIT DBFread/controllers/default.py: 0
[2016-04-07 18:25:14] EDIT DBFread/controllers/default.py: 0
[2016-04-07 18:25:46] EDIT DBFread/controllers/default.py: 1
[2016-04-08 10:12:12] EDIT DBFread/controllers/default.py: 6
[2016-04-08 10:13:00] EDIT DBFread/controllers/default.py: 1
[2016-04-08 10:37:14] EDIT DBFread/controllers/default.py: 52
[2016-04-08 10:37:26] EDIT DBFread/controllers/default.py: -1
[2016-04-08 10:38:13] EDIT DBFread/controllers/default.py: 0
[2016-04-08 10:38:40] EDIT DBFread/controllers/default.py: -4
[2016-04-08 10:39:12] EDIT DBFread/controllers/default.py: -2
[2016-04-08 10:39:43] EDIT DBFread/controllers/default.py: 0
[2016-04-08 10:40:09] EDIT DBFread/controllers/default.py: 0
[2016-04-08 10:59:14] EDIT DBFread/controllers/default.py: -1
[2016-04-08 10:59:47] EDIT DBFread/controllers/default.py: 0
[2016-04-08 11:01:15] EDIT DBFread/controllers/default.py: 0
[2016-04-08 11:02:39] EDIT DBFread/controllers/default.py: 0
[2016-04-08 11:02:49] EDIT DBFread/controllers/default.py: -1
[2016-04-08 11:03:02] EDIT DBFread/controllers/default.py: 0
[2016-04-08 11:03:09] EDIT DBFread/controllers/default.py: 0
[2016-04-08 11:05:03] EDIT DBFread/controllers/default.py: 1
[2016-04-08 11:05:43] EDIT DBFread/controllers/default.py: -1
[2016-04-08 11:06:19] EDIT DBFread/views/default/index.html: 0
[2016-04-08 11:22:35] EDIT DBFread/controllers/default.py: -1
[2016-04-08 11:26:10] EDIT DBFread/controllers/default.py: 0
[2016-04-08 11:46:32] EDIT DBFread/controllers/default.py: 0
[2016-04-08 11:46:48] EDIT DBFread/controllers/default.py: 0
[2016-04-08 11:48:08] EDIT DBFread/controllers/default.py: 0
[2016-04-08 11:52:45] EDIT DBFread/controllers/default.py: 0
[2016-04-08 11:54:20] EDIT DBFread/controllers/default.py: 0
[2016-04-08 14:59:20] EDIT DBFread/controllers/default.py: 0
[2016-04-08 15:01:22] EDIT DBFread/controllers/default.py: -1
[2016-04-08 15:03:32] EDIT DBFread/controllers/default.py: 0
[2016-04-08 15:03:43] EDIT DBFread/controllers/default.py: 0
[2016-04-08 15:14:48] EDIT DBFread/controllers/default.py: 1
[2016-04-08 15:16:17] EDIT DBFread/controllers/default.py: 1
[2016-04-08 15:19:34] EDIT DBFread/controllers/default.py: 0
[2016-04-08 15:19:58] EDIT DBFread/controllers/default.py: 0
[2016-04-08 15:21:36] EDIT DBFread/controllers/default.py: -1
[2016-04-08 15:21:52] EDIT DBFread/controllers/default.py: 1
[2016-04-08 15:23:14] EDIT DBFread/controllers/default.py: 0
[2016-04-08 15:28:42] EDIT DBFread/controllers/default.py: 0
[2016-04-08 15:36:05] EDIT DBFread/controllers/default.py: 0
[2016-04-08 15:37:42] EDIT DBFread/controllers/default.py: 0
[2016-04-08 15:37:55] EDIT DBFread/controllers/default.py: 0
[2016-04-08 16:00:57] EDIT DBFread/controllers/default.py: 8
[2016-04-08 16:01:14] EDIT DBFread/controllers/default.py: 0
[2016-04-08 16:02:09] CREATE default/import_csv.html: 0
[2016-04-08 16:02:35] EDIT DBFread/views/default/import_csv.html: 1
[2016-04-08 16:06:34] EDIT DBFread/controllers/default.py: 0
[2016-04-08 16:06:46] EDIT DBFread/controllers/default.py: 0
[2016-04-08 16:09:05] EDIT DBFread/controllers/default.py: 0
[2016-04-08 16:17:34] EDIT DBFread/controllers/default.py: -4
[2016-04-08 16:18:22] EDIT DBFread/controllers/default.py: 0
[2016-04-08 16:19:01] EDIT DBFread/controllers/default.py: 0
[2016-04-08 16:22:51] EDIT DBFread/controllers/default.py: 1
[2016-04-08 16:24:12] EDIT DBFread/controllers/default.py: 0
[2016-04-08 16:28:34] EDIT DBFread/controllers/default.py: 3
[2016-04-08 16:29:14] EDIT DBFread/controllers/default.py: 0
[2016-04-08 16:30:57] EDIT DBFread/controllers/default.py: 0
[2016-04-08 16:33:56] EDIT DBFread/controllers/default.py: -1
[2016-04-08 16:35:13] EDIT DBFread/controllers/default.py: 0
[2016-04-08 16:35:34] EDIT DBFread/controllers/default.py: 0
[2016-04-08 16:36:13] EDIT DBFread/controllers/default.py: 0
[2016-04-08 16:37:53] EDIT DBFread/controllers/default.py: 0
[2016-04-08 16:38:21] EDIT DBFread/controllers/default.py: 0
[2016-04-08 17:14:00] EDIT DBFread/controllers/default.py: 0
[2016-04-08 17:15:04] EDIT DBFread/controllers/default.py: 0
[2016-04-08 20:11:31] EDIT DBFread/controllers/default.py: 0
[2016-04-08 20:14:21] EDIT DBFread/controllers/default.py: 1
[2016-04-08 20:14:53] EDIT DBFread/controllers/default.py: -1
[2016-04-08 20:15:24] EDIT DBFread/controllers/default.py: 2
[2016-04-08 20:15:32] EDIT DBFread/controllers/default.py: 0
[2016-04-08 20:16:09] EDIT DBFread/controllers/default.py: -2
[2016-04-08 20:16:39] EDIT DBFread/controllers/default.py: -27
[2016-04-08 20:18:03] EDIT DBFread/controllers/default.py: 1
[2016-04-08 20:39:05] EDIT DBFread/controllers/default.py: -1
[2016-04-08 20:39:27] EDIT DBFread/controllers/default.py: 0
[2016-04-08 20:45:45] EDIT DBFread/controllers/default.py: 2
[2016-04-08 20:46:30] EDIT DBFread/views/default/index.html: 2
[2016-04-08 20:48:05] EDIT DBFread/controllers/default.py: 0
[2016-04-08 20:51:16] EDIT DBFread/controllers/default.py: -1
[2016-04-12 11:10:36] EDIT DBFread/controllers/default.py: 0
[2016-04-12 11:12:43] EDIT DBFread/controllers/default.py: 6
[2016-04-12 11:20:22] EDIT DBFread/controllers/default.py: 0
[2016-04-12 11:39:24] EDIT DBFread/controllers/default.py: 0
[2016-04-12 11:40:13] EDIT DBFread/controllers/default.py: 0
[2016-04-12 11:40:36] CREATE default/create_pdf.html: 0
[2016-04-12 11:41:03] EDIT DBFread/views/default/create_pdf.html: 2
[2016-04-12 11:44:00] EDIT DBFread/controllers/default.py: -2
[2016-04-12 11:48:08] EDIT DBFread/controllers/default.py: 0
[2016-04-12 11:49:48] EDIT DBFread/views/default/index.html: -4
[2016-04-12 11:50:50] EDIT DBFread/controllers/default.py: 0
[2016-04-12 11:55:51] EDIT DBFread/controllers/default.py: 1
[2016-04-12 11:59:39] EDIT DBFread/controllers/default.py: 0
[2016-04-12 12:01:40] EDIT DBFread/controllers/default.py: 0
[2016-04-12 12:06:30] EDIT DBFread/static/js/web2py.js: 3
[2016-04-12 12:07:42] EDIT DBFread/controllers/default.py: 0
[2016-04-12 12:10:25] EDIT DBFread/controllers/default.py: 0
[2016-04-12 12:10:57] EDIT DBFread/controllers/default.py: 0
[2016-04-12 12:16:08] EDIT DBFread/controllers/default.py: 2
[2016-04-12 12:43:00] EDIT DBFread/controllers/default.py: -2
[2016-04-12 12:44:25] EDIT DBFread/controllers/default.py: -1
[2016-04-12 12:45:33] EDIT DBFread/controllers/default.py: 0
[2016-04-12 12:47:55] EDIT DBFread/controllers/default.py: 0
[2016-04-12 12:49:26] EDIT DBFread/controllers/default.py: 0
[2016-04-12 13:08:45] EDIT DBFread/controllers/default.py: -1
[2016-04-12 13:08:56] EDIT DBFread/controllers/default.py: 0
[2016-04-12 15:21:10] EDIT DBFread/controllers/default.py: 1
[2016-04-12 15:22:27] EDIT DBFread/controllers/default.py: 1
[2016-04-12 15:22:35] EDIT DBFread/controllers/default.py: 0
[2016-04-12 15:22:46] EDIT DBFread/controllers/default.py: 0
[2016-04-12 15:23:36] EDIT DBFread/controllers/default.py: -1
[2016-04-12 15:31:55] EDIT DBFread/controllers/default.py: 0
[2016-04-12 15:32:07] EDIT DBFread/controllers/default.py: -1
[2016-04-12 15:33:01] EDIT DBFread/views/default/index.html: 5
[2016-04-12 16:10:32] EDIT DBFread/views/default/index.html: 0
[2016-04-12 16:12:36] EDIT DBFread/views/default/index.html: 0
[2016-04-12 16:16:08] EDIT DBFread/views/default/index.html: 0
[2016-04-12 16:16:17] EDIT DBFread/views/default/index.html: 0
[2016-04-12 16:18:15] EDIT DBFread/views/default/index.html: 1
[2016-04-12 16:18:53] EDIT DBFread/controllers/default.py: 1
[2016-04-12 16:20:20] EDIT DBFread/controllers/default.py: 0
[2016-04-12 16:21:00] EDIT DBFread/views/default/index.html: -3
[2016-04-12 16:21:11] EDIT DBFread/controllers/default.py: 0
[2016-04-12 16:21:22] EDIT DBFread/controllers/default.py: 0
[2016-04-12 16:21:33] EDIT DBFread/controllers/default.py: 0
[2016-04-12 16:21:45] EDIT DBFread/controllers/default.py: -12
[2016-04-12 16:22:40] EDIT DBFread/views/default/index.html: 0
[2016-04-12 16:23:30] EDIT DBFread/views/default/index.html: 1
[2016-04-12 16:24:01] EDIT DBFread/views/default/index.html: -5
[2016-04-12 17:00:52] EDIT DBFread/controllers/default.py: 0
[2016-04-12 17:07:36] EDIT DBFread/views/default/index.html: 2
[2016-04-12 17:10:14] EDIT DBFread/views/default/index.html: 2
[2016-04-12 17:10:21] EDIT DBFread/views/default/index.html: -1
[2016-04-12 17:10:45] EDIT DBFread/views/default/index.html: 3
[2016-04-12 17:13:07] EDIT DBFread/controllers/default.py: 1
[2016-04-12 17:14:06] EDIT DBFread/controllers/default.py: 0
[2016-04-12 17:16:30] EDIT DBFread/views/default/index.html: -1
[2016-04-12 17:23:07] EDIT DBFread/controllers/default.py: 0
[2016-04-12 17:24:19] EDIT DBFread/controllers/default.py: -1
[2016-04-12 17:25:51] EDIT DBFread/controllers/default.py: 11
[2016-04-12 17:26:08] EDIT DBFread/controllers/default.py: 0
[2016-04-12 17:26:27] EDIT DBFread/controllers/default.py: 0
[2016-04-12 17:29:03] EDIT DBFread/controllers/default.py: -32
[2016-04-12 17:30:57] EDIT DBFread/views/default/index.html: 1
[2016-04-12 17:31:42] EDIT DBFread/views/default/index.html: 1
[2016-04-12 17:32:43] EDIT DBFread/controllers/default.py: 1
[2016-04-12 17:35:53] EDIT DBFread/views/default/index.html: -1
[2016-04-12 17:38:44] EDIT DBFread/controllers/default.py: 0
[2016-04-12 17:40:42] EDIT DBFread/controllers/default.py: 1
[2016-04-12 17:42:48] EDIT DBFread/views/default/index.html: -2
[2016-04-12 17:44:36] EDIT DBFread/controllers/default.py: 4
[2016-04-12 17:45:36] EDIT DBFread/controllers/default.py: 0
[2016-04-12 17:51:23] EDIT DBFread/controllers/default.py: 0
[2016-04-12 17:55:31] EDIT DBFread/controllers/default.py: 42
[2016-04-12 17:55:49] EDIT DBFread/views/default/create_pdf.html: 4
[2016-04-12 17:56:56] EDIT DBFread/models/menu.py: 1
[2016-04-12 18:05:11] EDIT DBFread/controllers/default.py: 41
[2016-04-12 18:05:57] EDIT DBFread/controllers/default.py: 0
[2016-04-12 18:09:53] EDIT DBFread/controllers/default.py: 0
[2016-04-12 18:10:25] EDIT DBFread/controllers/default.py: 0
[2016-04-12 18:11:35] EDIT DBFread/controllers/default.py: 0
[2016-04-12 18:12:08] EDIT DBFread/controllers/default.py: 0
[2016-04-12 18:12:33] EDIT DBFread/controllers/default.py: 0
[2016-04-12 18:13:54] EDIT DBFread/controllers/default.py: 0
[2016-04-12 18:14:59] EDIT DBFread/controllers/default.py: 0
[2016-04-12 18:16:59] EDIT DBFread/controllers/default.py: 0
[2016-04-12 18:17:47] EDIT DBFread/controllers/default.py: 0
[2016-04-12 18:17:47] EDIT DBFread/controllers/default.py: 0
[2016-04-12 18:18:00] EDIT DBFread/controllers/default.py: 0
[2016-04-12 18:18:47] EDIT DBFread/controllers/default.py: 0
[2016-04-12 18:19:38] EDIT DBFread/controllers/default.py: 0
[2016-04-12 18:21:18] EDIT DBFread/controllers/default.py: 0
[2016-04-12 18:21:50] EDIT DBFread/controllers/default.py: -1
[2016-04-12 18:23:48] EDIT DBFread/controllers/default.py: 0
[2016-04-12 18:26:13] EDIT DBFread/controllers/default.py: 0
[2016-04-12 18:27:07] EDIT DBFread/controllers/default.py: 0
[2016-04-12 18:28:27] EDIT DBFread/controllers/default.py: 0
[2016-04-12 20:15:04] EDIT DBFread/controllers/default.py: 1
[2016-04-12 20:15:43] EDIT DBFread/controllers/default.py: 0
[2016-04-12 20:21:45] EDIT DBFread/controllers/default.py: 0
[2016-04-12 20:24:36] EDIT DBFread/controllers/default.py: 1
[2016-04-12 20:28:46] EDIT DBFread/controllers/default.py: 1
[2016-04-12 20:31:05] EDIT DBFread/controllers/default.py: 0
[2016-04-12 20:32:32] EDIT DBFread/controllers/default.py: 0
[2016-04-12 20:35:49] EDIT DBFread/controllers/default.py: 0
[2016-04-12 20:54:47] EDIT DBFread/static/js/web2py.js: 2
[2016-04-12 21:05:16] EDIT DBFread/controllers/default.py: 0
[2016-04-12 21:14:43] EDIT DBFread/controllers/default.py: 0
[2016-04-12 21:16:30] EDIT DBFread/controllers/default.py: 0
[2016-04-12 21:17:12] EDIT DBFread/controllers/default.py: 1
[2016-04-12 21:18:38] EDIT DBFread/controllers/default.py: -1
[2016-04-12 21:19:11] CREATE default/create_labels_pdf.html: 0
[2016-04-12 21:19:31] EDIT DBFread/views/default/create_labels_pdf.html: 2
[2016-04-12 21:19:58] EDIT DBFread/views/default/index.html: -2
[2016-04-12 21:21:35] EDIT DBFread/controllers/default.py: 0
[2016-04-12 21:21:49] EDIT DBFread/controllers/default.py: 1
[2016-04-12 21:23:21] EDIT DBFread/controllers/default.py: 0
[2016-04-12 21:24:52] EDIT DBFread/static/js/web2py.js: 27
[2016-04-12 21:39:42] EDIT DBFread/static/js/web2py.js: 1
[2016-04-12 21:40:48] EDIT DBFread/static/js/web2py.js: 0
[2016-04-12 21:41:47] EDIT DBFread/static/js/web2py.js: -1
[2016-04-12 21:45:57] EDIT DBFread/controllers/default.py: 1
[2016-04-12 21:47:57] EDIT DBFread/controllers/default.py: 2
[2016-04-12 22:14:56] EDIT DBFread/models/db.py: -5
[2016-04-12 22:15:21] EDIT DBFread/models/db.py: -4
[2016-04-12 22:16:30] UPLOAD C:/inetpub/wwwroot/applications/DBFread/static/gpo_logo_5.png: 29
[2016-04-12 22:16:50] DELETE DBFread/static/gpo_logo_5.png: -1
[2016-04-12 22:17:26] UPLOAD C:/inetpub/wwwroot/applications/DBFread/static/images/gpo_logo.png: 29
[2016-04-12 22:24:19] EDIT DBFread/models/menu.py: -1
[2016-04-12 22:24:40] EDIT DBFread/models/menu.py: -1
[2016-04-12 22:24:56] EDIT DBFread/models/menu.py: 0
[2016-04-12 22:25:22] EDIT DBFread/models/menu.py: 0
[2016-04-12 22:36:44] UPLOAD C:/inetpub/wwwroot/applications/DBFread/static/images/gpo_logo.gif: 21
[2016-04-12 22:36:58] EDIT DBFread/models/menu.py: 0
[2016-04-12 22:40:42] UPLOAD C:/inetpub/wwwroot/applications/DBFread/static/images/gpo.png: 6
[2016-04-12 22:40:55] EDIT DBFread/models/menu.py: 0
[2016-04-12 22:41:28] EDIT DBFread/models/menu.py: 0
[2016-04-14 10:09:45] EDIT DBFread/static/css/bootstrap.min.css: 0
[2016-04-14 10:11:34] EDIT DBFread/static/css/bootstrap.min.css: 0
[2016-04-14 10:14:22] EDIT DBFread/static/css/bootstrap.min.css: 0
[2016-04-14 10:19:12] EDIT DBFread/static/css/bootstrap.min.css: 0
